2015-04-05 00:03:02.608 HelloWorld[3637:197303] DiskCookieStorage changing policy from 2 to 0, cookie file: file:///Users/baidu/Library/Developer/CoreSimulator/Devices/00ECA5DC-6099-493F-ADCF-6D775A1CEB12/data/Containers/Data/Application/033BFAE0-32D1-4BA2-8E2D-71C0FE20EF15/Library/Cookies/Cookies.binarycookies
2015-04-05 00:03:03.108 HelloWorld[3637:197303] Apache Cordova native platform version 3.8.0 is starting.
2015-04-05 00:03:03.109 HelloWorld[3637:197303] Multi-tasking -> Device: YES, App: YES
2015-04-05 00:03:03.147 HelloWorld[3637:197303] Unlimited access to network resources
2015-04-05 00:03:03.172 HelloWorld[3637:197303] 

Started backup to iCloud! Please be careful.
Your application might be rejected by Apple if you store too much data.
For more information please read "iOS Data Storage Guidelines" at:
https://developer.apple.com/icloud/documentation/data-storage/
To disable web storage backup to iCloud, set the BackupWebStorage preference to "local" in the Cordova config.xml file

2015-04-05 00:03:04.593 HelloWorld[3637:197303] Resetting plugins due to page load.
2015-04-05 00:03:04.806 HelloWorld[3637:197303] Finished load of: file:///Users/baidu/Library/Developer/CoreSimulator/Devices/00ECA5DC-6099-493F-ADCF-6D775A1CEB12/data/Containers/Bundle/Application/C36BF516-8F26-4A12-8D49-E0F74EB9247C/HelloWorld.app/www/index.html
2015-04-05 00:06:17.130 HelloWorld[3637:197303] Simulator slow-motion animations are now on
2015-04-06 22:17:08.604 HelloWorld[4167:222768] DiskCookieStorage changing policy from 2 to 0, cookie file: file:///Users/baidu/Library/Developer/CoreSimulator/Devices/00ECA5DC-6099-493F-ADCF-6D775A1CEB12/data/Containers/Data/Application/3F9FE83B-C384-4254-8696-6C5954E9CE95/Library/Cookies/Cookies.binarycookies
2015-04-06 22:17:08.884 HelloWorld[4167:222768] Apache Cordova native platform version 3.8.0 is starting.
2015-04-06 22:17:08.884 HelloWorld[4167:222768] Multi-tasking -> Device: YES, App: YES
2015-04-06 22:17:08.907 HelloWorld[4167:222768] Unlimited access to network resources
2015-04-06 22:17:08.923 HelloWorld[4167:222768] 

Started backup to iCloud! Please be careful.
Your application might be rejected by Apple if you store too much data.
For more information please read "iOS Data Storage Guidelines" at:
https://developer.apple.com/icloud/documentation/data-storage/
To disable web storage backup to iCloud, set the BackupWebStorage preference to "local" in the Cordova config.xml file

2015-04-06 22:17:09.727 HelloWorld[4167:222768] Resetting plugins due to page load.
2015-04-06 22:17:09.871 HelloWorld[4167:222768] Finished load of: file:///Users/baidu/Library/Developer/CoreSimulator/Devices/00ECA5DC-6099-493F-ADCF-6D775A1CEB12/data/Containers/Bundle/Application/CB1EB761-3455-4068-A295-F9172D9074CB/HelloWorld.app/www/index.html
2015-04-12 15:15:47.938 HelloWorld[938:89160] DiskCookieStorage changing policy from 2 to 0, cookie file: file:///Users/baidu/Library/Developer/CoreSimulator/Devices/00ECA5DC-6099-493F-ADCF-6D775A1CEB12/data/Containers/Data/Application/6E70BEBF-E634-4A34-8297-6A5CC53B774B/Library/Cookies/Cookies.binarycookies
2015-04-12 15:15:48.321 HelloWorld[938:89160] Apache Cordova native platform version 3.8.0 is starting.
2015-04-12 15:15:48.321 HelloWorld[938:89160] Multi-tasking -> Device: YES, App: YES
2015-04-12 15:15:48.350 HelloWorld[938:89160] Unlimited access to network resources
2015-04-12 15:15:48.366 HelloWorld[938:89160] 

Started backup to iCloud! Please be careful.
Your application might be rejected by Apple if you store too much data.
For more information please read "iOS Data Storage Guidelines" at:
https://developer.apple.com/icloud/documentation/data-storage/
To disable web storage backup to iCloud, set the BackupWebStorage preference to "local" in the Cordova config.xml file

2015-04-12 15:15:49.229 HelloWorld[938:89160] Resetting plugins due to page load.
2015-04-12 15:15:49.375 HelloWorld[938:89160] Finished load of: file:///Users/baidu/Library/Developer/CoreSimulator/Devices/00ECA5DC-6099-493F-ADCF-6D775A1CEB12/data/Containers/Bundle/Application/A3B7A4B2-F982-4221-A720-65FA832E66FE/HelloWorld.app/www/index.html
2015-04-12 15:24:41.404 HelloWorld[1089:95072] DiskCookieStorage changing policy from 2 to 0, cookie file: file:///Users/baidu/Library/Developer/CoreSimulator/Devices/00ECA5DC-6099-493F-ADCF-6D775A1CEB12/data/Containers/Data/Application/B29AE2A4-C651-46D2-8AA6-80323A1A9705/Library/Cookies/Cookies.binarycookies
2015-04-12 15:24:41.787 HelloWorld[1089:95072] Apache Cordova native platform version 3.8.0 is starting.
2015-04-12 15:24:41.787 HelloWorld[1089:95072] Multi-tasking -> Device: YES, App: YES
2015-04-12 15:24:41.814 HelloWorld[1089:95072] Unlimited access to network resources
2015-04-12 15:24:41.830 HelloWorld[1089:95072] 

Started backup to iCloud! Please be careful.
Your application might be rejected by Apple if you store too much data.
For more information please read "iOS Data Storage Guidelines" at:
https://developer.apple.com/icloud/documentation/data-storage/
To disable web storage backup to iCloud, set the BackupWebStorage preference to "local" in the Cordova config.xml file

2015-04-12 15:24:42.699 HelloWorld[1089:95072] Resetting plugins due to page load.
2015-04-12 15:24:42.879 HelloWorld[1089:95072] Finished load of: file:///Users/baidu/Library/Developer/CoreSimulator/Devices/00ECA5DC-6099-493F-ADCF-6D775A1CEB12/data/Containers/Bundle/Application/2859500C-ECA4-44D3-8AAF-6DB1D6C7455E/HelloWorld.app/www/index.html
2015-04-12 15:25:48.909 HelloWorld[1089:95726] Terminating since there is no system app.
2015-04-12 15:25:59.547 HelloWorld[1180:96371] DiskCookieStorage changing policy from 2 to 0, cookie file: file:///Users/baidu/Library/Developer/CoreSimulator/Devices/00ECA5DC-6099-493F-ADCF-6D775A1CEB12/data/Containers/Data/Application/D79FC62B-4747-45B4-B288-E37A75E52281/Library/Cookies/Cookies.binarycookies
2015-04-12 15:25:59.641 HelloWorld[1180:96371] Apache Cordova native platform version 3.8.0 is starting.
2015-04-12 15:25:59.641 HelloWorld[1180:96371] Multi-tasking -> Device: YES, App: YES
2015-04-12 15:25:59.644 HelloWorld[1180:96371] Unlimited access to network resources
2015-04-12 15:25:59.647 HelloWorld[1180:96371] 

Started backup to iCloud! Please be careful.
Your application might be rejected by Apple if you store too much data.
For more information please read "iOS Data Storage Guidelines" at:
https://developer.apple.com/icloud/documentation/data-storage/
To disable web storage backup to iCloud, set the BackupWebStorage preference to "local" in the Cordova config.xml file

2015-04-12 15:25:59.832 HelloWorld[1180:96371] Resetting plugins due to page load.
2015-04-12 15:25:59.891 HelloWorld[1180:96371] Finished load of: file:///Users/baidu/Library/Developer/CoreSimulator/Devices/00ECA5DC-6099-493F-ADCF-6D775A1CEB12/data/Containers/Bundle/Application/9A6C08A3-305B-47F8-9DAF-28277992A208/HelloWorld.app/www/index.html
2015-04-12 15:44:47.505 HelloWorld[1330:105434] DiskCookieStorage changing policy from 2 to 0, cookie file: file:///Users/baidu/Library/Developer/CoreSimulator/Devices/00ECA5DC-6099-493F-ADCF-6D775A1CEB12/data/Containers/Data/Application/BB975D9D-8525-47AE-8320-1F41A803E12C/Library/Cookies/Cookies.binarycookies
2015-04-12 15:44:47.602 HelloWorld[1330:105434] Apache Cordova native platform version 3.8.0 is starting.
2015-04-12 15:44:47.603 HelloWorld[1330:105434] Multi-tasking -> Device: YES, App: YES
2015-04-12 15:44:47.606 HelloWorld[1330:105434] Unlimited access to network resources
2015-04-12 15:44:47.610 HelloWorld[1330:105434] 

Started backup to iCloud! Please be careful.
Your application might be rejected by Apple if you store too much data.
For more information please read "iOS Data Storage Guidelines" at:
https://developer.apple.com/icloud/documentation/data-storage/
To disable web storage backup to iCloud, set the BackupWebStorage preference to "local" in the Cordova config.xml file

2015-04-12 15:44:47.820 HelloWorld[1330:105434] Resetting plugins due to page load.
2015-04-12 15:44:47.963 HelloWorld[1330:105434] Finished load of: file:///Users/baidu/Library/Developer/CoreSimulator/Devices/00ECA5DC-6099-493F-ADCF-6D775A1CEB12/data/Containers/Bundle/Application/BA490EA4-0705-4215-9466-B3C3DE69E89C/HelloWorld.app/www/index.html
2015-04-12 15:53:45.371 HelloWorld[1424:110346] DiskCookieStorage changing policy from 2 to 0, cookie file: file:///Users/baidu/Library/Developer/CoreSimulator/Devices/00ECA5DC-6099-493F-ADCF-6D775A1CEB12/data/Containers/Data/Application/5D4A93FE-8550-4E4A-9E27-EFB23D62464F/Library/Cookies/Cookies.binarycookies
2015-04-12 15:53:45.467 HelloWorld[1424:110346] Apache Cordova native platform version 3.8.0 is starting.
2015-04-12 15:53:45.468 HelloWorld[1424:110346] Multi-tasking -> Device: YES, App: YES
2015-04-12 15:53:45.474 HelloWorld[1424:110346] Unlimited access to network resources
2015-04-12 15:53:45.480 HelloWorld[1424:110346] 

Started backup to iCloud! Please be careful.
Your application might be rejected by Apple if you store too much data.
For more information please read "iOS Data Storage Guidelines" at:
https://developer.apple.com/icloud/documentation/data-storage/
To disable web storage backup to iCloud, set the BackupWebStorage preference to "local" in the Cordova config.xml file

2015-04-12 15:53:45.646 HelloWorld[1424:110346] Resetting plugins due to page load.
2015-04-12 15:53:45.720 HelloWorld[1424:110346] Finished load of: file:///Users/baidu/Library/Developer/CoreSimulator/Devices/00ECA5DC-6099-493F-ADCF-6D775A1CEB12/data/Containers/Bundle/Application/A5FC836A-6AB0-4527-9101-37694A346518/HelloWorld.app/www/index.html
2015-04-12 15:53:45.782 HelloWorld[1424:110346] Received Event: deviceready
2015-04-12 16:00:32.206 HelloWorld[1562:119813] DiskCookieStorage changing policy from 2 to 0, cookie file: file:///Users/baidu/Library/Developer/CoreSimulator/Devices/00ECA5DC-6099-493F-ADCF-6D775A1CEB12/data/Containers/Data/Application/00FB1F9E-3D39-4CAE-8C09-0D5F642DD146/Library/Cookies/Cookies.binarycookies
2015-04-12 16:00:32.287 HelloWorld[1562:119813] Apache Cordova native platform version 3.8.0 is starting.
2015-04-12 16:00:32.288 HelloWorld[1562:119813] Multi-tasking -> Device: YES, App: YES
2015-04-12 16:00:32.292 HelloWorld[1562:119813] Unlimited access to network resources
2015-04-12 16:00:32.299 HelloWorld[1562:119813] 

Started backup to iCloud! Please be careful.
Your application might be rejected by Apple if you store too much data.
For more information please read "iOS Data Storage Guidelines" at:
https://developer.apple.com/icloud/documentation/data-storage/
To disable web storage backup to iCloud, set the BackupWebStorage preference to "local" in the Cordova config.xml file

2015-04-12 16:00:32.466 HelloWorld[1562:119813] Resetting plugins due to page load.
2015-04-12 16:00:32.557 HelloWorld[1562:119813] Finished load of: file:///Users/baidu/Library/Developer/CoreSimulator/Devices/00ECA5DC-6099-493F-ADCF-6D775A1CEB12/data/Containers/Bundle/Application/99B9C4C1-BA45-450B-8EBB-1CD63C3473CA/HelloWorld.app/www/index.html
2015-04-12 16:00:32.608 HelloWorld[1562:119813] Received Event: deviceready
2015-04-12 16:00:36.947 HelloWorld[1562:119829] Camera.getPicture: source type 1 not available.
2015-04-12 16:47:34.683 HelloWorld[1562:145205] Camera.getPicture: source type 1 not available.
2015-04-12 16:49:46.547 HelloWorld[1905:146374] DiskCookieStorage changing policy from 2 to 0, cookie file: file:///Users/baidu/Library/Developer/CoreSimulator/Devices/00ECA5DC-6099-493F-ADCF-6D775A1CEB12/data/Containers/Data/Application/E402F8D5-B7FE-426E-BF14-82B053AFB630/Library/Cookies/Cookies.binarycookies
2015-04-12 16:49:46.684 HelloWorld[1905:146374] Apache Cordova native platform version 3.8.0 is starting.
2015-04-12 16:49:46.685 HelloWorld[1905:146374] Multi-tasking -> Device: YES, App: YES
2015-04-12 16:49:46.691 HelloWorld[1905:146374] Unlimited access to network resources
2015-04-12 16:49:46.699 HelloWorld[1905:146374] 

Started backup to iCloud! Please be careful.
Your application might be rejected by Apple if you store too much data.
For more information please read "iOS Data Storage Guidelines" at:
https://developer.apple.com/icloud/documentation/data-storage/
To disable web storage backup to iCloud, set the BackupWebStorage preference to "local" in the Cordova config.xml file

2015-04-12 16:49:46.893 HelloWorld[1905:146374] [CDVTimer][statusbar] 75.253010ms
2015-04-12 16:49:46.893 HelloWorld[1905:146374] [CDVTimer][TotalPluginStartup] 75.475037ms
2015-04-12 16:49:47.103 HelloWorld[1905:146374] Resetting plugins due to page load.
2015-04-12 16:49:47.214 HelloWorld[1905:146374] Finished load of: file:///Users/baidu/Library/Developer/CoreSimulator/Devices/00ECA5DC-6099-493F-ADCF-6D775A1CEB12/data/Containers/Bundle/Application/AF34C7F8-FADA-4F0F-8DC1-7D625D882F92/HelloWorld.app/www/index.html
2015-04-12 16:49:47.264 HelloWorld[1905:146374] Received Event: deviceready
2015-04-12 16:49:51.373 HelloWorld[1905:146387] Camera.getPicture: source type 1 not available.
